<?xml version="1.0" encoding="UTF-8"?>
<!-- Generated by org.testng.reporters.JUnitReportReporter -->
<testsuite hostname="DESKTOP-QF3AD8D" failures="0" tests="1" name="test_register.RegisterTest" time="2.401" errors="0" timestamp="2024-12-13T20:37:28 GMT+07:00" skipped="0">
  <testcase classname="test_register.RegisterTest" name="testOwnerChosen" time="2.401"/>
  <system-out/>
</testsuite> <!-- test_register.RegisterTest -->
