<?xml version="1.0" encoding="UTF-8"?>
<!-- Generated by org.testng.reporters.JUnitReportReporter -->
<testsuite hostname="DESKTOP-QF3AD8D" failures="0" tests="18" name="test_login.RegisterTest" time="19.168" errors="0" timestamp="2024-12-13T20:38:59 GMT+07:00" skipped="0">
  <testcase classname="test_login.RegisterTest" name="testValidEmail" time="0.671"/>
  <system-out/>
  <testcase classname="test_login.RegisterTest" name="testValidPassword" time="0.920"/>
  <system-out/>
  <testcase classname="test_login.RegisterTest" name="testOwnerChosen" time="0.820"/>
  <system-out/>
  <testcase classname="test_login.RegisterTest" name="testInvalidPassword" time="1.469"/>
  <system-out/>
  <testcase classname="test_login.RegisterTest" name="testPasswordMatchCorrect" time="0.828"/>
  <system-out/>
  <testcase classname="test_login.RegisterTest" name="testValidPhone" time="0.708"/>
  <system-out/>
  <testcase classname="test_login.RegisterTest" name="testInvalidPhone" time="2.493"/>
  <system-out/>
  <testcase classname="test_login.RegisterTest" name="testEmptyPhone" time="0.621"/>
  <system-out/>
  <testcase classname="test_login.RegisterTest" name="testRenterChosen" time="0.630"/>
  <system-out/>
  <testcase classname="test_login.RegisterTest" name="testEmptyFullName" time="0.694"/>
  <system-out/>
  <testcase classname="test_login.RegisterTest" name="testNoRoleChosen" time="0.590"/>
  <system-out/>
  <testcase classname="test_login.RegisterTest" name="testPasswordNotMatch" time="1.545"/>
  <system-out/>
  <testcase classname="test_login.RegisterTest" name="testEmailExisted" time="1.834"/>
  <system-out/>
  <testcase classname="test_login.RegisterTest" name="testEmptyEmail" time="0.663"/>
  <system-out/>
  <testcase classname="test_login.RegisterTest" name="testInvalidEmail" time="0.535"/>
  <system-out/>
  <testcase classname="test_login.RegisterTest" name="testRegisterSuccess" time="2.411"/>
  <system-out/>
  <testcase classname="test_login.RegisterTest" name="testEmptyPassword" time="0.873"/>
  <system-out/>
  <testcase classname="test_login.RegisterTest" name="testValidFullName" time="0.863"/>
  <system-out/>
</testsuite> <!-- test_login.RegisterTest -->
