<?xml version="1.0" encoding="UTF-8"?>
<!-- Generated by org.testng.reporters.JUnitReportReporter -->
<testsuite hostname="DESKTOP-QF3AD8D" failures="0" tests="1" name="test_register.RegisterTest" time="4.261" errors="0" timestamp="2024-12-04T16:28:56 GMT+07:00" skipped="0">
  <testcase classname="test_register.RegisterTest" name="verifyPageTitle" time="4.261"/>
  <system-out/>
</testsuite> <!-- test_register.RegisterTest -->
