<?xml version="1.0" encoding="UTF-8"?>
<!-- Generated by org.testng.reporters.JUnitReportReporter -->
<testsuite hostname="DESKTOP-QF3AD8D" failures="0" tests="10" name="test_login.LoginTest" time="12.650" errors="0" timestamp="2024-12-13T20:31:00 GMT+07:00" skipped="0">
  <testcase classname="test_login.LoginTest" name="testValidPassword" time="0.422"/>
  <system-out/>
  <testcase classname="test_login.LoginTest" name="testLoginSuccess" time="1.800"/>
  <system-out/>
  <testcase classname="test_login.LoginTest" name="testValidEmail" time="0.568"/>
  <system-out/>
  <testcase classname="test_login.LoginTest" name="testInvalidEmail" time="0.442"/>
  <system-out/>
  <testcase classname="test_login.LoginTest" name="testEmptyEmail" time="0.708"/>
  <system-out/>
  <testcase classname="test_login.LoginTest" name="testUnregisteredEmail" time="3.484"/>
  <system-out/>
  <testcase classname="test_login.LoginTest" name="testWrongInfor" time="1.311"/>
  <system-out/>
  <testcase classname="test_login.LoginTest" name="testNotEmptyEmail" time="0.730"/>
  <system-out/>
  <testcase classname="test_login.LoginTest" name="testRegisteredEmail" time="2.639"/>
  <system-out/>
  <testcase classname="test_login.LoginTest" name="testEmptyPassword" time="0.546"/>
  <system-out/>
</testsuite> <!-- test_login.LoginTest -->
